<?xml version="1.0" encoding="UTF-8"?>
<testsuite xmlns:xsi="http://www.w3.org/2001/XMLSchema-instance" xsi:noNamespaceSchemaLocation="https://maven.apache.org/surefire/maven-surefire-plugin/xsd/surefire-test-report-3.0.xsd" version="3.0" name="com.service_registry.eurika_server.EurekaServerApplicationTests" time="7.626" tests="1" errors="0" skipped="0" failures="0">
  <properties>
[...]
</properties>
  <testcase name="contextLoads" classname="com.service_registry.eurika_server.EurekaServerApplicationTests" time="1.103">
    <system-out><![CDATA[Standard Commons Logging discovery in action with spring-jcl: please remove commons-logging.jar from classpath in order to avoid potential conflicts
13:28:18.928 [main] INFO org.springframework.test.context.support.AnnotationConfigContextLoaderUtils -- Could not detect default configuration classes for test class [com.service_registry.eurika_server.EurekaServerApplicationTests]: EurekaServerApplicationTests does not declare any static, non-private, non-final, nested classes annotated with @Configuration.
13:28:19.077 [main] INFO org.springframework.boot.test.context.SpringBootTestContextBootstrapper -- Found @SpringBootConfiguration com.service_registry.eurika_server.EurekaServerApplication for test class com.service_registry.eurika_server.EurekaServerApplicationTests
,--.   ,--.,--.       ,--.
|   `.'   |`--' ,---. |  |
|  |'.'|  |,--.| .-. :|  |
|  |   |  ||  |\   --.|  |
`--'   `--'`--' `----'`--'

Eureka Server - Service Registry
Created by Amiel De Los Reyes © 2024
2024-06-22T13:28:19.886+08:00  INFO 3386 --- [eurika-server] [           main] c.s.e.EurekaServerApplicationTests       : Starting EurekaServerApplicationTests using Java 21.0.2 with PID 3386 (started by amieldelosreyes in /Users/amieldelosreyes/Desktop/Amiel Microservice Ecosystem/service-registry)
2024-06-22T13:28:19.897+08:00  INFO 3386 --- [eurika-server] [           main] c.s.e.EurekaServerApplicationTests       : No active profile set, falling back to 1 default profile: "default"
2024-06-22T13:28:21.886+08:00  INFO 3386 --- [eurika-server] [           main] o.s.cloud.context.scope.GenericScope     : BeanFactory id=42820cf5-323e-34ac-833c-dede01824476
2024-06-22T13:28:22.112+08:00  WARN 3386 --- [eurika-server] [           main] trationDelegate$BeanPostProcessorChecker : Bean 'org.springframework.cloud.client.loadbalancer.LoadBalancerAutoConfiguration$DeferringLoadBalancerInterceptorConfig' of type [org.springframework.cloud.client.loadbalancer.LoadBalancerAutoConfiguration$DeferringLoadBalancerInterceptorConfig] is not eligible for getting processed by all BeanPostProcessors (for example: not eligible for auto-proxying). The currently created BeanPostProcessor [lbRestClientPostProcessor] is declared through a non-static factory method on that class; consider declaring it as static instead.
2024-06-22T13:28:22.118+08:00  WARN 3386 --- [eurika-server] [           main] trationDelegate$BeanPostProcessorChecker : Bean 'deferringLoadBalancerInterceptor' of type [org.springframework.cloud.client.loadbalancer.DeferringLoadBalancerInterceptor] is not eligible for getting processed by all BeanPostProcessors (for example: not eligible for auto-proxying). Is this bean getting eagerly injected into a currently created BeanPostProcessor [lbRestClientPostProcessor]? Check the corresponding BeanPostProcessor declaration and its dependencies.
2024-06-22T13:28:23.971+08:00  WARN 3386 --- [eurika-server] [           main] iguration$LoadBalancerCaffeineWarnLogger : Spring Cloud LoadBalancer is currently working with the default cache. While this cache implementation is useful for development and tests, it's recommended to use Caffeine cache in production.You can switch to using Caffeine cache, by adding it and org.springframework.cache.caffeine.CaffeineCacheManager to the classpath.
2024-06-22T13:28:24.436+08:00  INFO 3386 --- [eurika-server] [           main] o.s.c.n.eureka.InstanceInfoFactory       : Setting initial instance status as: STARTING
2024-06-22T13:28:24.460+08:00  INFO 3386 --- [eurika-server] [           main] com.netflix.discovery.DiscoveryClient    : Initializing Eureka in region us-east-1
2024-06-22T13:28:24.462+08:00  INFO 3386 --- [eurika-server] [           main] com.netflix.discovery.DiscoveryClient    : Client configured to neither register nor query for data.
2024-06-22T13:28:24.467+08:00  INFO 3386 --- [eurika-server] [           main] com.netflix.discovery.DiscoveryClient    : Discovery Client initialized at timestamp 1719034104467 with initial instances count: 0
2024-06-22T13:28:24.515+08:00  INFO 3386 --- [eurika-server] [           main] c.n.eureka.DefaultEurekaServerContext    : Initializing ...
2024-06-22T13:28:24.518+08:00  WARN 3386 --- [eurika-server] [           main] c.n.eureka.cluster.PeerEurekaNodes       : The replica size seems to be empty. Check the route 53 DNS Registry
2024-06-22T13:28:24.684+08:00  INFO 3386 --- [eurika-server] [           main] c.n.e.registry.AbstractInstanceRegistry  : Finished initializing remote region registries. All known remote regions: []
2024-06-22T13:28:24.688+08:00  INFO 3386 --- [eurika-server] [           main] c.n.eureka.DefaultEurekaServerContext    : Initialized
2024-06-22T13:28:24.972+08:00  INFO 3386 --- [eurika-server] [           main] o.s.b.a.e.web.EndpointLinksResolver      : Exposing 1 endpoint beneath base path '/actuator'
2024-06-22T13:28:25.092+08:00  INFO 3386 --- [eurika-server] [           main] o.s.c.n.e.s.EurekaServiceRegistry        : Registering application EURIKA-SERVER with eureka with status UP
2024-06-22T13:28:25.111+08:00  INFO 3386 --- [eurika-server] [      Thread-10] o.s.c.n.e.server.EurekaServerBootstrap   : isAws returned false
2024-06-22T13:28:25.113+08:00  INFO 3386 --- [eurika-server] [      Thread-10] o.s.c.n.e.server.EurekaServerBootstrap   : Initialized server context
2024-06-22T13:28:25.114+08:00  INFO 3386 --- [eurika-server] [      Thread-10] c.n.e.r.PeerAwareInstanceRegistryImpl    : Got 1 instances from neighboring DS node
2024-06-22T13:28:25.114+08:00  INFO 3386 --- [eurika-server] [      Thread-10] c.n.e.r.PeerAwareInstanceRegistryImpl    : Renew threshold is: 1
2024-06-22T13:28:25.114+08:00  INFO 3386 --- [eurika-server] [      Thread-10] c.n.e.r.PeerAwareInstanceRegistryImpl    : Changing status to UP
2024-06-22T13:28:25.123+08:00  INFO 3386 --- [eurika-server] [           main] c.s.e.EurekaServerApplicationTests       : Started EurekaServerApplicationTests in 5.867 seconds (process running for 7.309)
2024-06-22T13:28:25.153+08:00  INFO 3386 --- [eurika-server] [      Thread-10] e.s.EurekaServerInitializerConfiguration : Started Eureka Server
]]></system-out>
    <system-err><![CDATA[WARNING: A Java agent has been loaded dynamically (/Users/amieldelosreyes/.m2/repository/net/bytebuddy/byte-buddy-agent/1.14.17/byte-buddy-agent-1.14.17.jar)
WARNING: If a serviceability tool is in use, please run with -XX:+EnableDynamicAgentLoading to hide this warning
WARNING: If a serviceability tool is not in use, please run with -Djdk.instrument.traceUsage for more information
WARNING: Dynamic loading of agents will be disallowed by default in a future release
]]></system-err>
  </testcase>
</testsuite>