<?xml version="1.0" encoding="UTF-8"?>
<testsuite xmlns:xsi="http://www.w3.org/2001/XMLSchema-instance" xsi:noNamespaceSchemaLocation="https://maven.apache.org/surefire/maven-surefire-plugin/xsd/surefire-test-report-3.0.xsd" version="3.0" name="com.user_service.UserServiceApplicationTests" time="7.854" tests="1" errors="0" skipped="0" failures="0">
  <properties>
[...]
</properties>
  <testcase name="contextLoads" classname="com.user_service.UserServiceApplicationTests" time="1.003">
    <system-out><![CDATA[16:12:12.888 [main] INFO org.springframework.test.context.support.AnnotationConfigContextLoaderUtils -- Could not detect default configuration classes for test class [com.user_service.UserServiceApplicationTests]: UserServiceApplicationTests does not declare any static, non-private, non-final, nested classes annotated with @Configuration.
16:12:13.065 [main] INFO org.springframework.boot.test.context.SpringBootTestContextBootstrapper -- Found @SpringBootConfiguration com.user_service.UserServiceApplication for test class com.user_service.UserServiceApplicationTests
,--.   ,--.,--.       ,--.
|   `.'   |`--' ,---. |  |
|  |'.'|  |,--.| .-. :|  |
|  |   |  ||  |\   --.|  |
`--'   `--'`--' `----'`--'

Eureka Server - Service Registry
Created by Amiel De Los Reyes © 2024
2024-06-22T16:12:14.800+08:00  INFO 5199 --- [user-service] [           main] c.u.UserServiceApplicationTests          : Starting UserServiceApplicationTests using Java 21.0.2 with PID 5199 (started by amieldelosreyes in /Users/amieldelosreyes/Desktop/Amiel Microservice Ecosystem/user-service)
2024-06-22T16:12:14.825+08:00  INFO 5199 --- [user-service] [           main] c.u.UserServiceApplicationTests          : No active profile set, falling back to 1 default profile: "default"
2024-06-22T16:12:16.685+08:00  INFO 5199 --- [user-service] [           main] o.s.cloud.context.scope.GenericScope     : BeanFactory id=5bb03952-7ea3-3e7f-ab63-75eda6896e09
2024-06-22T16:12:16.871+08:00  WARN 5199 --- [user-service] [           main] trationDelegate$BeanPostProcessorChecker : Bean 'org.springframework.cloud.client.loadbalancer.LoadBalancerAutoConfiguration$DeferringLoadBalancerInterceptorConfig' of type [org.springframework.cloud.client.loadbalancer.LoadBalancerAutoConfiguration$DeferringLoadBalancerInterceptorConfig] is not eligible for getting processed by all BeanPostProcessors (for example: not eligible for auto-proxying). The currently created BeanPostProcessor [lbRestClientPostProcessor] is declared through a non-static factory method on that class; consider declaring it as static instead.
2024-06-22T16:12:16.881+08:00  WARN 5199 --- [user-service] [           main] trationDelegate$BeanPostProcessorChecker : Bean 'deferringLoadBalancerInterceptor' of type [org.springframework.cloud.client.loadbalancer.DeferringLoadBalancerInterceptor] is not eligible for getting processed by all BeanPostProcessors (for example: not eligible for auto-proxying). Is this bean getting eagerly injected into a currently created BeanPostProcessor [lbRestClientPostProcessor]? Check the corresponding BeanPostProcessor declaration and its dependencies.
2024-06-22T16:12:17.985+08:00  INFO 5199 --- [user-service] [           main] DiscoveryClientOptionalArgsConfiguration : Eureka HTTP Client uses RestTemplate.
2024-06-22T16:12:18.074+08:00  WARN 5199 --- [user-service] [           main] iguration$LoadBalancerCaffeineWarnLogger : Spring Cloud LoadBalancer is currently working with the default cache. While this cache implementation is useful for development and tests, it's recommended to use Caffeine cache in production.You can switch to using Caffeine cache, by adding it and org.springframework.cache.caffeine.CaffeineCacheManager to the classpath.
2024-06-22T16:12:18.142+08:00  INFO 5199 --- [user-service] [           main] o.s.c.n.eureka.InstanceInfoFactory       : Setting initial instance status as: STARTING
2024-06-22T16:12:18.557+08:00  INFO 5199 --- [user-service] [           main] com.netflix.discovery.DiscoveryClient    : Initializing Eureka in region us-east-1
2024-06-22T16:12:18.568+08:00  INFO 5199 --- [user-service] [           main] c.n.d.s.r.aws.ConfigClusterResolver      : Resolving eureka endpoints via configuration
2024-06-22T16:12:18.630+08:00  INFO 5199 --- [user-service] [           main] com.netflix.discovery.DiscoveryClient    : Disable delta property : false
2024-06-22T16:12:18.630+08:00  INFO 5199 --- [user-service] [           main] com.netflix.discovery.DiscoveryClient    : Single vip registry refresh property : null
2024-06-22T16:12:18.630+08:00  INFO 5199 --- [user-service] [           main] com.netflix.discovery.DiscoveryClient    : Force full registry fetch : false
2024-06-22T16:12:18.630+08:00  INFO 5199 --- [user-service] [           main] com.netflix.discovery.DiscoveryClient    : Application is null : false
2024-06-22T16:12:18.630+08:00  INFO 5199 --- [user-service] [           main] com.netflix.discovery.DiscoveryClient    : Registered Applications size is zero : true
2024-06-22T16:12:18.630+08:00  INFO 5199 --- [user-service] [           main] com.netflix.discovery.DiscoveryClient    : Application version is -1: true
2024-06-22T16:12:18.630+08:00  INFO 5199 --- [user-service] [           main] com.netflix.discovery.DiscoveryClient    : Getting all instance registry info from the eureka server
2024-06-22T16:12:19.307+08:00  INFO 5199 --- [user-service] [           main] com.netflix.discovery.DiscoveryClient    : The response status is 200
2024-06-22T16:12:19.313+08:00  INFO 5199 --- [user-service] [           main] com.netflix.discovery.DiscoveryClient    : Starting heartbeat executor: renew interval is: 30
2024-06-22T16:12:19.316+08:00  INFO 5199 --- [user-service] [           main] c.n.discovery.InstanceInfoReplicator     : InstanceInfoReplicator onDemand update allowed rate per min is 4
2024-06-22T16:12:19.325+08:00  INFO 5199 --- [user-service] [           main] com.netflix.discovery.DiscoveryClient    : Discovery Client initialized at timestamp 1719043939324 with initial instances count: 1
2024-06-22T16:12:19.351+08:00  INFO 5199 --- [user-service] [           main] o.s.c.n.e.s.EurekaServiceRegistry        : Registering application USER-SERVICE with eureka with status UP
2024-06-22T16:12:19.352+08:00  INFO 5199 --- [user-service] [           main] com.netflix.discovery.DiscoveryClient    : Saw local status change event StatusChangeEvent [timestamp=1719043939352, current=UP, previous=STARTING]
2024-06-22T16:12:19.355+08:00  INFO 5199 --- [user-service] [nfoReplicator-0] com.netflix.discovery.DiscoveryClient    : DiscoveryClient_USER-SERVICE/localhost:user-service:8081: registering service...
2024-06-22T16:12:19.393+08:00  INFO 5199 --- [user-service] [           main] c.u.UserServiceApplicationTests          : Started UserServiceApplicationTests in 6.165 seconds (process running for 7.625)
2024-06-22T16:12:19.458+08:00  INFO 5199 --- [user-service] [nfoReplicator-0] com.netflix.discovery.DiscoveryClient    : DiscoveryClient_USER-SERVICE/localhost:user-service:8081 - registration status: 204
]]></system-out>
    <system-err><![CDATA[WARNING: A Java agent has been loaded dynamically (/Users/amieldelosreyes/.m2/repository/net/bytebuddy/byte-buddy-agent/1.14.17/byte-buddy-agent-1.14.17.jar)
WARNING: If a serviceability tool is in use, please run with -XX:+EnableDynamicAgentLoading to hide this warning
WARNING: If a serviceability tool is not in use, please run with -Djdk.instrument.traceUsage for more information
WARNING: Dynamic loading of agents will be disallowed by default in a future release
]]></system-err>
  </testcase>
</testsuite>